<?xml version="1.0" encoding="utf-8"?><testsuites name="pytest tests"><testsuite name="pytest" errors="0" failures="0" skipped="0" tests="1215" time="3.936" timestamp="2026-03-16T03:52:55.338969+00:00" hostname="(none)"><testcase classname="test_01_utility_functions.TestSafeLog" name="test_positive_value" time="0.000" /><testcase classname="test_01_utility_functions.TestSafeLog" name="test_e_value" time="0.000" /><testcase classname="test_01_utility_functions.TestSafeLog" name="test_large_value" time="0.000" /><testcase classname="test_01_utility_functions.TestSafeLog" name="test_small_positive" time="0.000" /><testcase classname="test_01_utility_functions.TestSafeLog" name="test_zero_does_not_crash" time="0.000" /><testcase classname="test_01_utility_functions.TestSafeLog" name="test_negative_does_not_crash" time="0.000" /><testcase classname="test_01_utility_functions.TestSafeLog" name="test_negative_large_does_not_crash" time="0.000" /><testcase classname="test_01_utility_functions.TestSafeLog" name="test_one_half" time="0.000" /><testcase classname="test_01_utility_functions.TestSafeLog" name="test_matches_math_log[0.001]" time="0.000" /><testcase classname="test_01_utility_functions.TestSafeLog" name="test_matches_math_log[0.01]" time="0.000" /><testcase classname="test_01_utility_functions.TestSafeLog" name="test_matches_math_log[0.1]" time="0.000" /><testcase classname="test_01_utility_functions.TestSafeLog" name="test_matches_math_log[0.5]" time="0.000" /><testcase classname="test_01_utility_functions.TestSafeLog" name="test_matches_math_log[1.0]" time="0.000" /><testcase classname="test_01_utility_functions.TestSafeLog" name="test_matches_math_log[2.0]" time="0.000" /><testcase classname="test_01_utility_functions.TestSafeLog" name="test_matches_math_log[10.0]" time="0.000" /><testcase classname="test_01_utility_functions.TestSafeLog" name="test_matches_math_log[100.0]" time="0.000" /><testcase classname="test_01_utility_functions.TestSafeLog" name="test_matches_math_log[1000.0]" time="0.000" /><testcase classname="test_01_utility_functions.TestSafeLog" name="test_non_positive_returns_finite[0.0]" time="0.000" /><testcase classname="test_01_utility_functions.TestSafeLog" name="test_non_positive_returns_finite[-0.0]" time="0.000" /><testcase classname="test_01_utility_functions.TestSafeLog" name="test_non_positive_returns_finite[-1.0]" time="0.000" /><testcase classname="test_01_utility_functions.TestSafeLog" name="test_non_positive_returns_finite[-100.0]" time="0.000" /><testcase classname="test_01_utility_functions.TestSafeLog" name="test_non_positive_returns_finite[-1e-300]" time="0.000" /><testcase classname="test_01_utility_functions.TestSafeLog" name="test_tiny_positive" time="0.000" /><testcase classname="test_01_utility_functions.TestGaussianLogPdf" name="test_none_returns_zero" time="0.000" /><testcase classname="test_01_utility_functions.TestGaussianLogPdf" name="test_at_mean" time="0.000" /><testcase classname="test_01_utility_functions.TestGaussianLogPdf" name="test_symmetric" time="0.000" /><testcase classname="test_01_utility_functions.TestGaussianLogPdf" name="test_decreases_away_from_mean" time="0.000" /><testcase classname="test_01_utility_functions.TestGaussianLogPdf" name="test_zero_var_clamped" time="0.000" /><testcase classname="test_01_utility_functions.TestGaussianLogPdf" name="test_negative_var_clamped" time="0.000" /><testcase classname="test_01_utility_functions.TestGaussianLogPdf" name="test_large_deviation" time="0.000" /><testcase classname="test_01_utility_functions.TestGaussianLogPdf" name="test_large_variance" time="0.000" /><testcase classname="test_01_utility_functions.TestGaussianLogPdf" name="test_matches_scipy_formula[0.0-0.0-1.0]" time="0.000" /><testcase classname="test_01_utility_functions.TestGaussianLogPdf" name="test_matches_scipy_formula[5.0-5.0-2.0]" time="0.001" /><testcase classname="test_01_utility_functions.TestGaussianLogPdf" name="test_matches_scipy_formula[10.0-0.0-25.0]" time="0.000" /><testcase classname="test_01_utility_functions.TestGaussianLogPdf" name="test_matches_scipy_formula[-5.0-0.0-1.0]" time="0.000" /><testcase classname="test_01_utility_functions.TestGaussianLogPdf" name="test_matches_scipy_formula[100.0-50.0-400.0]" time="0.001" /><testcase classname="test_01_utility_functions.TestGaussianLogPdf" name="test_various_means[0.0]" time="0.000" /><testcase classname="test_01_utility_functions.TestGaussianLogPdf" name="test_various_means[-100.0]" time="0.000" /><testcase classname="test_01_utility_functions.TestGaussianLogPdf" name="test_various_means[100.0]" time="0.000" /><testcase classname="test_01_utility_functions.TestGaussianLogPdf" name="test_various_means[1000000.0]" time="0.000" /><testcase classname="test_01_utility_functions.TestGaussianLogPdf" name="test_various_means[-1000000.0]" time="0.000" /><testcase classname="test_01_utility_functions.TestGaussianLogPdf" name="test_various_variances[0.001]" time="0.000" /><testcase classname="test_01_utility_functions.TestGaussianLogPdf" name="test_various_variances[0.1]" time="0.000" /><testcase classname="test_01_utility_functions.TestGaussianLogPdf" name="test_various_variances[1.0]" time="0.000" /><testcase classname="test_01_utility_functions.TestGaussianLogPdf" name="test_various_variances[10.0]" time="0.000" /><testcase classname="test_01_utility_functions.TestGaussianLogPdf" name="test_various_variances[100.0]" time="0.000" /><testcase classname="test_01_utility_functions.TestGaussianLogPdf" name="test_various_variances[10000.0]" time="0.000" /><testcase classname="test_01_utility_functions.TestGaussianLogPdf" name="test_standard_normal" time="0.000" /><testcase classname="test_01_utility_functions.TestGaussianLogPdf" name="test_one_sigma" time="0.000" /><testcase classname="test_01_utility_functions.TestGaussianLogPdf" name="test_two_sigma" time="0.000" /><testcase classname="test_01_utility_functions.TestGaussianLogPdf" name="test_three_sigma" time="0.000" /><testcase classname="test_01_utility_functions.TestGaussianPdf" name="test_none_returns_one" time="0.000" /><testcase classname="test_01_utility_functions.TestGaussianPdf" name="test_at_mean_positive" time="0.000" /><testcase classname="test_01_utility_functions.TestGaussianPdf" name="test_consistency_with_log_version" time="0.000" /><testcase classname="test_01_utility_functions.TestGaussianPdf" name="test_very_far_returns_tiny" time="0.000" /><testcase classname="test_01_utility_functions.TestGaussianPdf" name="test_zero_var_handled" time="0.000" /><testcase classname="test_01_utility_functions.TestGaussianPdf" name="test_negative_var_handled" time="0.000" /><testcase classname="test_01_utility_functions.TestGaussianPdf" name="test_always_non_negative[-5.0]" time="0.000" /><testcase classname="test_01_utility_functions.TestGaussianPdf" name="test_always_non_negative[-4.591836734693878]" time="0.000" /><testcase classname="test_01_utility_functions.TestGaussianPdf" name="test_always_non_negative[-4.183673469387755]" time="0.000" /><testcase classname="test_01_utility_functions.TestGaussianPdf" name="test_always_non_negative[-3.7755102040816326]" time="0.000" /><testcase classname="test_01_utility_functions.TestGaussianPdf" name="test_always_non_negative[-3.36734693877551]" time="0.000" /><testcase classname="test_01_utility_functions.TestGaussianPdf" name="test_always_non_negative[-2.9591836734693877]" time="0.000" /><testcase classname="test_01_utility_functions.TestGaussianPdf" name="test_always_non_negative[-2.5510204081632653]" time="0.000" /><testcase classname="test_01_utility_functions.TestGaussianPdf" name="test_always_non_negative[-2.142857142857143]" time="0.000" /><testcase classname="test_01_utility_functions.TestGaussianPdf" name="test_always_non_negative[-1.7346938775510203]" time="0.000" /><testcase classname="test_01_utility_functions.TestGaussianPdf" name="test_always_non_negative[-1.3265306122448979]" time="0.000" /><testcase classname="test_01_utility_functions.TestGaussianPdf" name="test_always_non_negative[-0.9183673469387754]" time="0.000" /><testcase classname="test_01_utility_functions.TestGaussianPdf" name="test_always_non_negative[-0.5102040816326525]" time="0.000" /><testcase classname="test_01_utility_functions.TestGaussianPdf" name="test_always_non_negative[-0.1020408163265305]" time="0.000" /><testcase classname="test_01_utility_functions.TestGaussianPdf" name="test_always_non_negative[0.3061224489795915]" time="0.000" /><testcase classname="test_01_utility_functions.TestGaussianPdf" name="test_always_non_negative[0.7142857142857144]" time="0.000" /><testcase classname="test_01_utility_functions.TestGaussianPdf" name="test_always_non_negative[1.1224489795918373]" time="0.000" /><testcase classname="test_01_utility_functions.TestGaussianPdf" name="test_always_non_negative[1.5306122448979593]" time="0.000" /><testcase classname="test_01_utility_functions.TestGaussianPdf" name="test_always_non_negative[1.9387755102040813]" time="0.000" /><testcase classname="test_01_utility_functions.TestGaussianPdf" name="test_always_non_negative[2.3469387755102042]" time="0.000" /><testcase classname="test_01_utility_functions.TestGaussianPdf" name="test_always_non_negative[2.755102040816327]" time="0.000" /><testcase classname="test_01_utility_functions.TestGaussianPdf" name="test_always_non_negative[3.163265306122449]" time="0.000" /><testcase classname="test_01_utility_functions.TestGaussianPdf" name="test_always_non_negative[3.571428571428571]" time="0.000" /><testcase classname="test_01_utility_functions.TestGaussianPdf" name="test_always_non_negative[3.979591836734695]" time="0.000" /><testcase classname="test_01_utility_functions.TestGaussianPdf" name="test_always_non_negative[4.387755102040817]" time="0.000" /><testcase classname="test_01_utility_functions.TestGaussianPdf" name="test_always_non_negative[4.795918367346939]" time="0.000" /><testcase classname="test_01_utility_functions.TestGaussianPdf" name="test_always_non_negative[5.204081632653061]" time="0.000" /><testcase classname="test_01_utility_functions.TestGaussianPdf" name="test_always_non_negative[5.612244897959183]" time="0.000" /><testcase classname="test_01_utility_functions.TestGaussianPdf" name="test_always_non_negative[6.020408163265307]" time="0.000" /><testcase classname="test_01_utility_functions.TestGaussianPdf" name="test_always_non_negative[6.428571428571429]" time="0.000" /><testcase classname="test_01_utility_functions.TestGaussianPdf" name="test_always_non_negative[6.836734693877551]" time="0.000" /><testcase classname="test_01_utility_functions.TestGaussianPdf" name="test_always_non_negative[7.244897959183675]" time="0.000" /><testcase classname="test_01_utility_functions.TestGaussianPdf" name="test_always_non_negative[7.653061224489797]" time="0.000" /><testcase classname="test_01_utility_functions.TestGaussianPdf" name="test_always_non_negative[8.061224489795919]" time="0.000" /><testcase classname="test_01_utility_functions.TestGaussianPdf" name="test_always_non_negative[8.46938775510204]" time="0.000" /><testcase classname="test_01_utility_functions.TestGaussianPdf" name="test_always_non_negative[8.877551020408163]" time="0.000" /><testcase classname="test_01_utility_functions.TestGaussianPdf" name="test_always_non_negative[9.285714285714286]" time="0.000" /><testcase classname="test_01_utility_functions.TestGaussianPdf" name="test_always_non_negative[9.693877551020408]" time="0.000" /><testcase classname="test_01_utility_functions.TestGaussianPdf" name="test_always_non_negative[10.10204081632653]" time="0.000" /><testcase classname="test_01_utility_functions.TestGaussianPdf" name="test_always_non_negative[10.510204081632654]" time="0.000" /><testcase classname="test_01_utility_functions.TestGaussianPdf" name="test_always_non_negative[10.918367346938776]" time="0.000" /><testcase classname="test_01_utility_functions.TestGaussianPdf" name="test_always_non_negative[11.326530612244898]" time="0.000" /><testcase classname="test_01_utility_functions.TestGaussianPdf" name="test_always_non_negative[11.73469387755102]" time="0.000" /><testcase classname="test_01_utility_functions.TestGaussianPdf" name="test_always_non_negative[12.142857142857142]" time="0.000" /><testcase classname="test_01_utility_functions.TestGaussianPdf" name="test_always_non_negative[12.551020408163264]" time="0.000" /><testcase classname="test_01_utility_functions.TestGaussianPdf" name="test_always_non_negative[12.95918367346939]" time="0.000" /><testcase classname="test_01_utility_functions.TestGaussianPdf" name="test_always_non_negative[13.367346938775512]" time="0.000" /><testcase classname="test_01_utility_functions.TestGaussianPdf" name="test_always_non_negative[13.775510204081634]" time="0.000" /><testcase classname="test_01_utility_functions.TestGaussianPdf" name="test_always_non_negative[14.183673469387756]" time="0.000" /><testcase classname="test_01_utility_functions.TestGaussianPdf" name="test_always_non_negative[14.591836734693878]" time="0.000" /><testcase classname="test_01_utility_functions.TestGaussianPdf" name="test_always_non_negative[15.0]" time="0.000" /><testcase classname="test_01_utility_functions.TestGaussianPdf" name="test_pdf_log_pdf_consistency[0.0]" time="0.000" /><testcase classname="test_01_utility_functions.TestGaussianPdf" name="test_pdf_log_pdf_consistency[0.5263157894736842]" time="0.000" /><testcase classname="test_01_utility_functions.TestGaussianPdf" name="test_pdf_log_pdf_consistency[1.0526315789473684]" time="0.000" /><testcase classname="test_01_utility_functions.TestGaussianPdf" name="test_pdf_log_pdf_consistency[1.5789473684210527]" time="0.001" /><testcase classname="test_01_utility_functions.TestGaussianPdf" name="test_pdf_log_pdf_consistency[2.1052631578947367]" time="0.000" /><testcase classname="test_01_utility_functions.TestGaussianPdf" name="test_pdf_log_pdf_consistency[2.631578947368421]" time="0.000" /><testcase classname="test_01_utility_functions.TestGaussianPdf" name="test_pdf_log_pdf_consistency[3.1578947368421053]" time="0.000" /><testcase classname="test_01_utility_functions.TestGaussianPdf" name="test_pdf_log_pdf_consistency[3.6842105263157894]" time="0.000" /><testcase classname="test_01_utility_functions.TestGaussianPdf" name="test_pdf_log_pdf_consistency[4.2105263157894735]" time="0.000" /><testcase classname="test_01_utility_functions.TestGaussianPdf" name="test_pdf_log_pdf_consistency[4.7368421052631575]" time="0.000" /><testcase classname="test_01_utility_functions.TestGaussianPdf" name="test_pdf_log_pdf_consistency[5.263157894736842]" time="0.000" /><testcase classname="test_01_utility_functions.TestGaussianPdf" name="test_pdf_log_pdf_consistency[5.789473684210526]" time="0.000" /><testcase classname="test_01_utility_functions.TestGaussianPdf" name="test_pdf_log_pdf_consistency[6.315789473684211]" time="0.000" /><testcase classname="test_01_utility_functions.TestGaussianPdf" name="test_pdf_log_pdf_consistency[6.842105263157895]" time="0.000" /><testcase classname="test_01_utility_functions.TestGaussianPdf" name="test_pdf_log_pdf_consistency[7.368421052631579]" time="0.001" /><testcase classname="test_01_utility_functions.TestGaussianPdf" name="test_pdf_log_pdf_consistency[7.894736842105263]" time="0.000" /><testcase classname="test_01_utility_functions.TestGaussianPdf" name="test_pdf_log_pdf_consistency[8.421052631578947]" time="0.000" /><testcase classname="test_01_utility_functions.TestGaussianPdf" name="test_pdf_log_pdf_consistency[8.947368421052632]" time="0.000" /><testcase classname="test_01_utility_functions.TestGaussianPdf" name="test_pdf_log_pdf_consistency[9.473684210526315]" time="0.000" /><testcase classname="test_01_utility_functions.TestGaussianPdf" name="test_pdf_log_pdf_consistency[10.0]" time="0.000" /><testcase classname="test_01_utility_functions.TestExtremeValues" name="test_safe_log_extreme[1e-300]" time="0.000" /><testcase classname="test_01_utility_functions.TestExtremeValues" name="test_safe_log_extreme[1e-200]" time="0.000" /><testcase classname="test_01_utility_functions.TestExtremeValues" name="test_safe_log_extreme[1e-100]" time="0.000" /><testcase classname="test_01_utility_functions.TestExtremeValues" name="test_safe_log_extreme[1e+100]" time="0.000" /><testcase classname="test_01_utility_functions.TestExtremeValues" name="test_safe_log_extreme[1e+200]" time="0.000" /><testcase classname="test_01_utility_functions.TestExtremeValues" name="test_gaussian_log_pdf_extreme_x[10000000000.0]" time="0.000" /><testcase classname="test_01_utility_functions.TestExtremeValues" name="test_gaussian_log_pdf_extreme_x[-10000000000.0]" time="0.000" /><testcase classname="test_01_utility_functions.TestExtremeValues" name="test_gaussian_log_pdf_extreme_x[1000000000000000.0]" time="0.000" /><testcase classname="test_01_utility_functions.TestExtremeValues" name="test_gaussian_log_pdf_extreme_x[-1000000000000000.0]" time="0.000" /><testcase classname="test_01_utility_functions.TestExtremeValues" name="test_gaussian_log_pdf_extreme_var[1e-10]" time="0.000" /><testcase classname="test_01_utility_functions.TestExtremeValues" name="test_gaussian_log_pdf_extreme_var[1e-06]" time="0.000" /><testcase classname="test_01_utility_functions.TestExtremeValues" name="test_gaussian_log_pdf_extreme_var[1000000.0]" time="0.000" /><testcase classname="test_01_utility_functions.TestExtremeValues" name="test_gaussian_log_pdf_extreme_var[10000000000.0]" time="0.000" /><testcase classname="test_01_utility_functions.TestExtremeValues" name="test_gaussian_pdf_underflow_clamped" time="0.000" /><testcase classname="test_01_utility_functions.TestExtremeValues" name="test_log_pdf_finite[0.0-0.0]" time="0.000" /><testcase classname="test_01_utility_functions.TestExtremeValues" name="test_log_pdf_finite[1000000.0-1000000.0]" time="0.000" /><testcase classname="test_01_utility_functions.TestExtremeValues" name="test_log_pdf_finite[-1000000.0--1000000.0]" time="0.001" /><testcase classname="test_01_utility_functions.TestExtremeValues" name="test_log_pdf_finite[10000000000.0-0.0]" time="0.001" /><testcase classname="test_01_utility_functions.TestExtremeValues" name="test_log_pdf_finite[0.0-10000000000.0]" time="0.001" /><testcase classname="test_02_constants_validation.TestStatesConfig" name="test_exactly_three_states" time="0.000" /><testcase classname="test_02_constants_validation.TestStatesConfig" name="test_state_names" time="0.000" /><testcase classname="test_02_constants_validation.TestStatesConfig" name="test_states_ordered_by_severity" time="0.000" /><testcase classname="test_02_constants_validation.TestFeatures" name="test_nine_features" time="0.000" /><testcase classname="test_02_constants_validation.TestFeatures" name="test_feature_exists[glucose_avg]" time="0.000" /><testcase classname="test_02_constants_validation.TestFeatures" name="test_feature_exists[glucose_variability]" time="0.001" /><testcase classname="test_02_constants_validation.TestFeatures" name="test_feature_exists[meds_adherence]" time="0.000" /><testcase classname="test_02_constants_validation.TestFeatures" name="test_feature_exists[carbs_intake]" time="0.000" /><testcase classname="test_02_constants_validation.TestFeatures" name="test_feature_exists[steps_daily]" time="0.000" /><testcase classname="test_02_constants_validation.TestFeatures" name="test_feature_exists[resting_hr]" time="0.000" /><testcase classname="test_02_constants_validation.TestFeatures" name="test_feature_exists[hrv_rmssd]" time="0.000" /><testcase classname="test_02_constants_validation.TestFeatures" name="test_feature_exists[sleep_quality]" time="0.001" /><testcase classname="test_02_constants_validation.TestFeatures" name="test_feature_exists[social_engagement]" time="0.000" /><testcase classname="test_02_constants_validation.TestFeatures" name="test_feature_has_weight[glucose_avg]" time="0.000" /><testcase classname="test_02_constants_validation.TestFeatures" name="test_feature_has_weight[glucose_variability]" time="0.000" /><testcase classname="test_02_constants_validation.TestFeatures" name="test_feature_has_weight[meds_adherence]" time="0.000" /><testcase classname="test_02_constants_validation.TestFeatures" name="test_feature_has_weight[carbs_intake]" time="0.000" /><testcase classname="test_02_constants_validation.TestFeatures" name="test_feature_has_weight[steps_daily]" time="0.000" /><testcase classname="test_02_constants_validation.TestFeatures" name="test_feature_has_weight[resting_hr]" time="0.001" /><testcase classname="test_02_constants_validation.TestFeatures" name="test_feature_has_weight[hrv_rmssd]" time="0.000" /><testcase classname="test_02_constants_validation.TestFeatures" name="test_feature_has_weight[sleep_quality]" time="0.000" /><testcase classname="test_02_constants_validation.TestFeatures" name="test_feature_has_weight[social_engagement]" time="0.000" /><testcase classname="test_02_constants_validation.TestFeatures" name="test_feature_has_dimension[glucose_avg]" time="0.000" /><testcase classname="test_02_constants_validation.TestFeatures" name="test_feature_has_dimension[glucose_variability]" time="0.000" /><testcase classname="test_02_constants_validation.TestFeatures" name="test_feature_has_dimension[meds_adherence]" time="0.000" /><testcase classname="test_02_constants_validation.TestFeatures" name="test_feature_has_dimension[carbs_intake]" time="0.000" /><testcase classname="test_02_constants_validation.TestFeatures" name="test_feature_has_dimension[steps_daily]" time="0.000" /><testcase classname="test_02_constants_validation.TestFeatures" name="test_feature_has_dimension[resting_hr]" time="0.000" /><testcase classname="test_02_constants_validation.TestFeatures" name="test_feature_has_dimension[hrv_rmssd]" time="0.000" /><testcase classname="test_02_constants_validation.TestFeatures" name="test_feature_has_dimension[sleep_quality]" time="0.000" /><testcase classname="test_02_constants_validation.TestFeatures" name="test_feature_has_dimension[social_engagement]" time="0.000" /><testcase classname="test_02_constants_validation.TestFeatures" name="test_feature_has_unit[glucose_avg]" time="0.000" /><testcase classname="test_02_constants_validation.TestFeatures" name="test_feature_has_unit[glucose_variability]" time="0.000" /><testcase classname="test_02_constants_validation.TestFeatures" name="test_feature_has_unit[meds_adherence]" time="0.000" /><testcase classname="test_02_constants_validation.TestFeatures" name="test_feature_has_unit[carbs_intake]" time="0.000" /><testcase classname="test_02_constants_validation.TestFeatures" name="test_feature_has_unit[steps_daily]" time="0.000" /><testcase classname="test_02_constants_validation.TestFeatures" name="test_feature_has_unit[resting_hr]" time="0.000" /><testcase classname="test_02_constants_validation.TestFeatures" name="test_feature_has_unit[hrv_rmssd]" time="0.000" /><testcase classname="test_02_constants_validation.TestFeatures" name="test_feature_has_unit[sleep_quality]" time="0.000" /><testcase classname="test_02_constants_validation.TestFeatures" name="test_feature_has_unit[social_engagement]" time="0.000" /><testcase classname="test_02_constants_validation.TestFeatures" name="test_feature_has_description[glucose_avg]" time="0.000" /><testcase classname="test_02_constants_validation.TestFeatures" name="test_feature_has_description[glucose_variability]" time="0.000" /><testcase classname="test_02_constants_validation.TestFeatures" name="test_feature_has_description[meds_adherence]" time="0.000" /><testcase classname="test_02_constants_validation.TestFeatures" name="test_feature_has_description[carbs_intake]" time="0.000" /><testcase classname="test_02_constants_validation.TestFeatures" name="test_feature_has_description[steps_daily]" time="0.000" /><testcase classname="test_02_constants_validation.TestFeatures" name="test_feature_has_description[resting_hr]" time="0.000" /><testcase classname="test_02_constants_validation.TestFeatures" name="test_feature_has_description[hrv_rmssd]" time="0.000" /><testcase classname="test_02_constants_validation.TestFeatures" name="test_feature_has_description[sleep_quality]" time="0.000" /><testcase classname="test_02_constants_validation.TestFeatures" name="test_feature_has_description[social_engagement]" time="0.000" /><testcase classname="test_02_constants_validation.TestFeatures" name="test_feature_has_clinical_ref[glucose_avg]" time="0.000" /><testcase classname="test_02_constants_validation.TestFeatures" name="test_feature_has_clinical_ref[glucose_variability]" time="0.000" /><testcase classname="test_02_constants_validation.TestFeatures" name="test_feature_has_clinical_ref[meds_adherence]" time="0.000" /><testcase classname="test_02_constants_validation.TestFeatures" name="test_feature_has_clinical_ref[carbs_intake]" time="0.000" /><testcase classname="test_02_constants_validation.TestFeatures" name="test_feature_has_clinical_ref[steps_daily]" time="0.000" /><testcase classname="test_02_constants_validation.TestFeatures" name="test_feature_has_clinical_ref[resting_hr]" time="0.000" /><testcase classname="test_02_constants_validation.TestFeatures" name="test_feature_has_clinical_ref[hrv_rmssd]" time="0.000" /><testcase classname="test_02_constants_validation.TestFeatures" name="test_feature_has_clinical_ref[sleep_quality]" time="0.000" /><testcase classname="test_02_constants_validation.TestFeatures" name="test_feature_has_clinical_ref[social_engagement]" time="0.000" /><testcase classname="test_02_constants_validation.TestWeights" name="test_weights_sum_to_one" time="0.000" /><testcase classname="test_02_constants_validation.TestWeights" name="test_all_weights_positive" time="0.000" /><testcase classname="test_02_constants_validation.TestWeights" name="test_glucose_avg_highest_weight" time="0.000" /><testcase classname="test_02_constants_validation.TestWeights" name="test_weight_count" time="0.000" /><testcase classname="test_02_constants_validation.TestWeights" name="test_weight_between_zero_and_one[glucose_avg]" time="0.000" /><testcase classname="test_02_constants_validation.TestWeights" name="test_weight_between_zero_and_one[glucose_variability]" time="0.000" /><testcase classname="test_02_constants_validation.TestWeights" name="test_weight_between_zero_and_one[meds_adherence]" time="0.000" /><testcase classname="test_02_constants_validation.TestWeights" name="test_weight_between_zero_and_one[carbs_intake]" time="0.000" /><testcase classname="test_02_constants_validation.TestWeights" name="test_weight_between_zero_and_one[steps_daily]" time="0.000" /><testcase classname="test_02_constants_validation.TestWeights" name="test_weight_between_zero_and_one[resting_hr]" time="0.000" /><testcase classname="test_02_constants_validation.TestWeights" name="test_weight_between_zero_and_one[hrv_rmssd]" time="0.000" /><testcase classname="test_02_constants_validation.TestWeights" name="test_weight_between_zero_and_one[sleep_quality]" time="0.000" /><testcase classname="test_02_constants_validation.TestWeights" name="test_weight_between_zero_and_one[social_engagement]" time="0.000" /><testcase classname="test_02_constants_validation.TestEmissionParams" name="test_has_means[glucose_avg]" time="0.000" /><testcase classname="test_02_constants_validation.TestEmissionParams" name="test_has_means[glucose_variability]" time="0.000" /><testcase classname="test_02_constants_validation.TestEmissionParams" name="test_has_means[meds_adherence]" time="0.000" /><testcase classname="test_02_constants_validation.TestEmissionParams" name="test_has_means[carbs_intake]" time="0.000" /><testcase classname="test_02_constants_validation.TestEmissionParams" name="test_has_means[steps_daily]" time="0.000" /><testcase classname="test_02_constants_validation.TestEmissionParams" name="test_has_means[resting_hr]" time="0.000" /><testcase classname="test_02_constants_validation.TestEmissionParams" name="test_has_means[hrv_rmssd]" time="0.000" /><testcase classname="test_02_constants_validation.TestEmissionParams" name="test_has_means[sleep_quality]" time="0.000" /><testcase classname="test_02_constants_validation.TestEmissionParams" name="test_has_means[social_engagement]" time="0.000" /><testcase classname="test_02_constants_validation.TestEmissionParams" name="test_has_vars[glucose_avg]" time="0.000" /><testcase classname="test_02_constants_validation.TestEmissionParams" name="test_has_vars[glucose_variability]" time="0.000" /><testcase classname="test_02_constants_validation.TestEmissionParams" name="test_has_vars[meds_adherence]" time="0.001" /><testcase classname="test_02_constants_validation.TestEmissionParams" name="test_has_vars[carbs_intake]" time="0.000" /><testcase classname="test_02_constants_validation.TestEmissionParams" name="test_has_vars[steps_daily]" time="0.000" /><testcase classname="test_02_constants_validation.TestEmissionParams" name="test_has_vars[resting_hr]" time="0.000" /><testcase classname="test_02_constants_validation.TestEmissionParams" name="test_has_vars[hrv_rmssd]" time="0.000" /><testcase classname="test_02_constants_validation.TestEmissionParams" name="test_has_vars[sleep_quality]" time="0.000" /><testcase classname="test_02_constants_validation.TestEmissionParams" name="test_has_vars[social_engagement]" time="0.000" /><testcase classname="test_02_constants_validation.TestEmissionParams" name="test_has_bounds[glucose_avg]" time="0.000" /><testcase classname="test_02_constants_validation.TestEmissionParams" name="test_has_bounds[glucose_variability]" time="0.000" /><testcase classname="test_02_constants_validation.TestEmissionParams" name="test_has_bounds[meds_adherence]" time="0.000" /><testcase classname="test_02_constants_validation.TestEmissionParams" name="test_has_bounds[carbs_intake]" time="0.000" /><testcase classname="test_02_constants_validation.TestEmissionParams" name="test_has_bounds[steps_daily]" time="0.000" /><testcase classname="test_02_constants_validation.TestEmissionParams" name="test_has_bounds[resting_hr]" time="0.000" /><testcase classname="test_02_constants_validation.TestEmissionParams" name="test_has_bounds[hrv_rmssd]" time="0.000" /><testcase classname="test_02_constants_validation.TestEmissionParams" name="test_has_bounds[sleep_quality]" time="0.000" /><testcase classname="test_02_constants_validation.TestEmissionParams" name="test_has_bounds[social_engagement]" time="0.000" /><testcase classname="test_02_constants_validation.TestEmissionParams" name="test_all_variances_positive[glucose_avg]" time="0.000" /><testcase classname="test_02_constants_validation.TestEmissionParams" name="test_all_variances_positive[glucose_variability]" time="0.000" /><testcase classname="test_02_constants_validation.TestEmissionParams" name="test_all_variances_positive[meds_adherence]" time="0.000" /><testcase classname="test_02_constants_validation.TestEmissionParams" name="test_all_variances_positive[carbs_intake]" time="0.000" /><testcase classname="test_02_constants_validation.TestEmissionParams" name="test_all_variances_positive[steps_daily]" time="0.000" /><testcase classname="test_02_constants_validation.TestEmissionParams" name="test_all_variances_positive[resting_hr]" time="0.000" /><testcase classname="test_02_constants_validation.TestEmissionParams" name="test_all_variances_positive[hrv_rmssd]" time="0.000" /><testcase classname="test_02_constants_validation.TestEmissionParams" name="test_all_variances_positive[sleep_quality]" time="0.000" /><testcase classname="test_02_constants_validation.TestEmissionParams" name="test_all_variances_positive[social_engagement]" time="0.000" /><testcase classname="test_02_constants_validation.TestEmissionParams" name="test_bounds_ordered[glucose_avg]" time="0.000" /><testcase classname="test_02_constants_validation.TestEmissionParams" name="test_bounds_ordered[glucose_variability]" time="0.000" /><testcase classname="test_02_constants_validation.TestEmissionParams" name="test_bounds_ordered[meds_adherence]" time="0.000" /><testcase classname="test_02_constants_validation.TestEmissionParams" name="test_bounds_ordered[carbs_intake]" time="0.000" /><testcase classname="test_02_constants_validation.TestEmissionParams" name="test_bounds_ordered[steps_daily]" time="0.000" /><testcase classname="test_02_constants_validation.TestEmissionParams" name="test_bounds_ordered[resting_hr]" time="0.000" /><testcase classname="test_02_constants_validation.TestEmissionParams" name="test_bounds_ordered[hrv_rmssd]" time="0.000" /><testcase classname="test_02_constants_validation.TestEmissionParams" name="test_bounds_ordered[sleep_quality]" time="0.000" /><testcase classname="test_02_constants_validation.TestEmissionParams" name="test_bounds_ordered[social_engagement]" time="0.000" /><testcase classname="test_02_constants_validation.TestEmissionParams" name="test_means_within_bounds[glucose_avg]" time="0.000" /><testcase classname="test_02_constants_validation.TestEmissionParams" name="test_means_within_bounds[glucose_variability]" time="0.000" /><testcase classname="test_02_constants_validation.TestEmissionParams" name="test_means_within_bounds[meds_adherence]" time="0.000" /><testcase classname="test_02_constants_validation.TestEmissionParams" name="test_means_within_bounds[carbs_intake]" time="0.000" /><testcase classname="test_02_constants_validation.TestEmissionParams" name="test_means_within_bounds[steps_daily]" time="0.001" /><testcase classname="test_02_constants_validation.TestEmissionParams" name="test_means_within_bounds[resting_hr]" time="0.000" /><testcase classname="test_02_constants_validation.TestEmissionParams" name="test_means_within_bounds[hrv_rmssd]" time="0.000" /><testcase classname="test_02_constants_validation.TestEmissionParams" name="test_means_within_bounds[sleep_quality]" time="0.000" /><testcase classname="test_02_constants_validation.TestEmissionParams" name="test_means_within_bounds[social_engagement]" time="0.000" /><testcase classname="test_02_constants_validation.TestEmissionParams" name="test_glucose_avg_stable_mean" time="0.000" /><testcase classname="test_02_constants_validation.TestEmissionParams" name="test_glucose_avg_crisis_higher" time="0.000" /><testcase classname="test_02_constants_validation.TestEmissionParams" name="test_meds_adherence_bounded_0_1" time="0.000" /><testcase classname="test_02_constants_validation.TestEmissionParams" name="test_meds_adherence_stable_highest" time="0.000" /><testcase classname="test_02_constants_validation.TestEmissionParams" name="test_steps_stable_highest" time="0.000" /><testcase classname="test_02_constants_validation.TestEmissionParams" name="test_hrv_stable_highest" time="0.000" /><testcase classname="test_02_constants_validation.TestEmissionParams" name="test_sleep_stable_highest" time="0.000" /><testcase classname="test_02_constants_validation.TestEmissionParams" name="test_social_stable_highest" time="0.000" /><testcase classname="test_02_constants_validation.TestEmissionParams" name="test_resting_hr_stable_lowest" time="0.000" /><testcase classname="test_02_constants_validation.TestEmissionParams" name="test_glucose_variability_stable_lowest" time="0.000" /><testcase classname="test_02_constants_validation.TestEmissionParams" name="test_carbs_stable_lowest" time="0.000" /><testcase classname="test_02_constants_validation.TestEmissionParams" name="test_crisis_variance_largest[glucose_avg]" time="0.000" /><testcase classname="test_02_constants_validation.TestEmissionParams" name="test_crisis_variance_largest[glucose_variability]" time="0.000" /><testcase classname="test_02_constants_validation.TestEmissionParams" name="test_crisis_variance_largest[meds_adherence]" time="0.000" /><testcase classname="test_02_constants_validation.TestEmissionParams" name="test_crisis_variance_largest[carbs_intake]" time="0.000" /><testcase classname="test_02_constants_validation.TestEmissionParams" name="test_crisis_variance_largest[steps_daily]" time="0.000" /><testcase classname="test_02_constants_validation.TestEmissionParams" name="test_crisis_variance_largest[resting_hr]" time="0.000" /><testcase classname="test_02_constants_validation.TestEmissionParams" name="test_crisis_variance_largest[hrv_rmssd]" time="0.000" /><testcase classname="test_02_constants_validation.TestEmissionParams" name="test_crisis_variance_largest[sleep_quality]" time="0.000" /><testcase classname="test_02_constants_validation.TestEmissionParams" name="test_crisis_variance_largest[social_engagement]" time="0.000" /><testcase classname="test_02_constants_validation.TestTransitionMatrix" name="test_shape" time="0.000" /><testcase classname="test_02_constants_validation.TestTransitionMatrix" name="test_row_sums_to_one[0]" time="0.000" /><testcase classname="test_02_constants_validation.TestTransitionMatrix" name="test_row_sums_to_one[1]" time="0.000" /><testcase classname="test_02_constants_validation.TestTransitionMatrix" name="test_row_sums_to_one[2]" time="0.000" /><testcase classname="test_02_constants_validation.TestTransitionMatrix" name="test_all_probs_non_negative[0-0]" time="0.000" /><testcase classname="test_02_constants_validation.TestTransitionMatrix" name="test_all_probs_non_negative[0-1]" time="0.000" /><testcase classname="test_02_constants_validation.TestTransitionMatrix" name="test_all_probs_non_negative[0-2]" time="0.000" /><testcase classname="test_02_constants_validation.TestTransitionMatrix" name="test_all_probs_non_negative[1-0]" time="0.000" /><testcase classname="test_02_constants_validation.TestTransitionMatrix" name="test_all_probs_non_negative[1-1]" time="0.000" /><testcase classname="test_02_constants_validation.TestTransitionMatrix" name="test_all_probs_non_negative[1-2]" time="0.001" /><testcase classname="test_02_constants_validation.TestTransitionMatrix" name="test_all_probs_non_negative[2-0]" time="0.001" /><testcase classname="test_02_constants_validation.TestTransitionMatrix" name="test_all_probs_non_negative[2-1]" time="0.000" /><testcase classname="test_02_constants_validation.TestTransitionMatrix" name="test_all_probs_non_negative[2-2]" time="0.001" /><testcase classname="test_02_constants_validation.TestTransitionMatrix" name="test_diagonal_dominance" time="0.000" /><testcase classname="test_02_constants_validation.TestTransitionMatrix" name="test_stable_self_transition_high" time="0.000" /><testcase classname="test_02_constants_validation.TestTransitionMatrix" name="test_crisis_sticky" time="0.000" /><testcase classname="test_02_constants_validation.TestTransitionMatrix" name="test_stable_to_crisis_very_low" time="0.000" /><testcase classname="test_02_constants_validation.TestTransitionMatrix" name="test_crisis_to_stable_very_low" time="0.000" /><testcase classname="test_02_constants_validation.TestTransitionMatrix" name="test_warning_can_recover" time="0.000" /><testcase classname="test_02_constants_validation.TestTransitionMatrix" name="test_warning_can_worsen" time="0.000" /><testcase classname="test_02_constants_validation.TestTransitionMatrix" name="test_ergodic" time="0.000" /><testcase classname="test_02_constants_validation.TestTransitionMatrix" name="test_stochastic_matrix" time="0.003" /><testcase classname="test_02_constants_validation.TestInitialProbs" name="test_sum_to_one" time="0.000" /><testcase classname="test_02_constants_validation.TestInitialProbs" name="test_all_non_negative" time="0.001" /><testcase classname="test_02_constants_validation.TestInitialProbs" name="test_stable_highest" time="0.000" /><testcase classname="test_02_constants_validation.TestInitialProbs" name="test_stable_dominates" time="0.000" /><testcase classname="test_02_constants_validation.TestInitialProbs" name="test_crisis_rare" time="0.000" /><testcase classname="test_02_constants_validation.TestLogTransitions" name="test_log_matches_original[0-0]" time="0.000" /><testcase classname="test_02_constants_validation.TestLogTransitions" name="test_log_matches_original[0-1]" time="0.001" /><testcase classname="test_02_constants_validation.TestLogTransitions" name="test_log_matches_original[0-2]" time="0.000" /><testcase classname="test_02_constants_validation.TestLogTransitions" name="test_log_matches_original[1-0]" time="0.000" /><testcase classname="test_02_constants_validation.TestLogTransitions" name="test_log_matches_original[1-1]" time="0.001" /><testcase classname="test_02_constants_validation.TestLogTransitions" name="test_log_matches_original[1-2]" time="0.000" /><testcase classname="test_02_constants_validation.TestLogTransitions" name="test_log_matches_original[2-0]" time="0.001" /><testcase classname="test_02_constants_validation.TestLogTransitions" name="test_log_matches_original[2-1]" time="0.000" /><testcase classname="test_02_constants_validation.TestLogTransitions" name="test_log_matches_original[2-2]" time="0.000" /><testcase classname="test_02_constants_validation.TestLogTransitions" name="test_log_initial_matches[0]" time="0.000" /><testcase classname="test_02_constants_validation.TestLogTransitions" name="test_log_initial_matches[1]" time="0.000" /><testcase classname="test_02_constants_validation.TestLogTransitions" name="test_log_initial_matches[2]" time="0.001" /><testcase classname="test_03_safety_monitor.TestHypoglycemia" name="test_level2_crisis_at_2_9" time="0.000" /><testcase classname="test_03_safety_monitor.TestHypoglycemia" name="test_level2_crisis_at_2_0" time="0.000" /><testcase classname="test_03_safety_monitor.TestHypoglycemia" name="test_level2_crisis_at_1_0" time="0.000" /><testcase classname="test_03_safety_monitor.TestHypoglycemia" name="test_level2_crisis_at_0" time="0.000" /><testcase classname="test_03_safety_monitor.TestHypoglycemia" name="test_level2_boundary_exactly_3_0" time="0.000" /><testcase classname="test_03_safety_monitor.TestHypoglycemia" name="test_level1_warning_at_3_5" time="0.000" /><testcase classname="test_03_safety_monitor.TestHypoglycemia" name="test_level1_warning_at_3_1" time="0.000" /><testcase classname="test_03_safety_monitor.TestHypoglycemia" name="test_level1_boundary_exactly_3_9" time="0.000" /><testcase classname="test_03_safety_monitor.TestHypoglycemia" name="test_normal_glucose_no_trigger" time="0.000" /><testcase classname="test_03_safety_monitor.TestHypoglycemia" name="test_severe_hypo_range[0.1]" time="0.001" /><testcase classname="test_03_safety_monitor.TestHypoglycemia" name="test_severe_hypo_range[0.5]" time="0.000" /><testcase classname="test_03_safety_monitor.TestHypoglycemia" name="test_severe_hypo_range[1.0]" time="0.000" /><testcase classname="test_03_safety_monitor.TestHypoglycemia" name="test_severe_hypo_range[1.5]" time="0.001" /><testcase classname="test_03_safety_monitor.TestHypoglycemia" name="test_severe_hypo_range[2.0]" time="0.000" /><testcase classname="test_03_safety_monitor.TestHypoglycemia" name="test_severe_hypo_range[2.5]" time="0.000" /><testcase classname="test_03_safety_monitor.TestHypoglycemia" name="test_severe_hypo_range[2.9]" time="0.001" /><testcase classname="test_03_safety_monitor.TestHypoglycemia" name="test_alert_hypo_range[3.1]" time="0.000" /><testcase classname="test_03_safety_monitor.TestHypoglycemia" name="test_alert_hypo_range[3.2]" time="0.000" /><testcase classname="test_03_safety_monitor.TestHypoglycemia" name="test_alert_hypo_range[3.3]" time="0.000" /><testcase classname="test_03_safety_monitor.TestHypoglycemia" name="test_alert_hypo_range[3.4]" time="0.001" /><testcase classname="test_03_safety_monitor.TestHypoglycemia" name="test_alert_hypo_range[3.5]" time="0.000" /><testcase classname="test_03_safety_monitor.TestHypoglycemia" name="test_alert_hypo_range[3.6]" time="0.000" /><testcase classname="test_03_safety_monitor.TestHypoglycemia" name="test_alert_hypo_range[3.7]" time="0.001" /><testcase classname="test_03_safety_monitor.TestHypoglycemia" name="test_alert_hypo_range[3.8]" time="0.000" /><testcase classname="test_03_safety_monitor.TestHyperglycemia" name="test_severe_crisis_at_17_0" time="0.000" /><testcase classname="test_03_safety_monitor.TestHyperglycemia" name="test_severe_crisis_at_20_0" time="0.000" /><testcase classname="test_03_safety_monitor.TestHyperglycemia" name="test_severe_crisis_at_33_3" time="0.000" /><testcase classname="test_03_safety_monitor.TestHyperglycemia" name="test_severe_boundary_16_7" time="0.000" /><testcase classname="test_03_safety_monitor.TestHyperglycemia" name="test_uncontrolled_warning_at_14_0" time="0.000" /><testcase classname="test_03_safety_monitor.TestHyperglycemia" name="test_uncontrolled_boundary_13_9" time="0.000" /><testcase classname="test_03_safety_monitor.TestHyperglycemia" name="test_severe_hyper_range[17.0]" time="0.000" /><testcase classname="test_03_safety_monitor.TestHyperglycemia" name="test_severe_hyper_range[18.0]" time="0.000" /><testcase classname="test_03_safety_monitor.TestHyperglycemia" name="test_severe_hyper_range[20.0]" time="0.001" /><testcase classname="test_03_safety_monitor.TestHyperglycemia" name="test_severe_hyper_range[25.0]" time="0.000" /><testcase classname="test_03_safety_monitor.TestHyperglycemia" name="test_severe_hyper_range[30.0]" time="0.000" /><testcase classname="test_03_safety_monitor.TestHyperglycemia" name="test_severe_hyper_range[35.0]" time="0.000" /><testcase classname="test_03_safety_monitor.TestHyperglycemia" name="test_uncontrolled_hyper_range[14.0]" time="0.000" /><testcase classname="test_03_safety_monitor.TestHyperglycemia" name="test_uncontrolled_hyper_range[14.5]" time="0.000" /><testcase classname="test_03_safety_monitor.TestHyperglycemia" name="test_uncontrolled_hyper_range[15.0]" time="0.001" /><testcase classname="test_03_safety_monitor.TestHyperglycemia" name="test_uncontrolled_hyper_range[15.5]" time="0.001" /><testcase classname="test_03_safety_monitor.TestHyperglycemia" name="test_uncontrolled_hyper_range[16.0]" time="0.000" /><testcase classname="test_03_safety_monitor.TestHyperglycemia" name="test_uncontrolled_hyper_range[16.5]" time="0.000" /><testcase classname="test_03_safety_monitor.TestHyperglycemia" name="test_uncontrolled_hyper_range[16.7]" time="0.000" /><testcase classname="test_03_safety_monitor.TestMedsAdherence" name="test_poor_adherence_warning" time="0.000" /><testcase classname="test_03_safety_monitor.TestMedsAdherence" name="test_poor_adherence_at_0" time="0.000" /><testcase classname="test_03_safety_monitor.TestMedsAdherence" name="test_boundary_0_5" time="0.000" /><testcase classname="test_03_safety_monitor.TestMedsAdherence" name="test_good_adherence" time="0.000" /><testcase classname="test_03_safety_monitor.TestMedsAdherence" name="test_poor_adherence_range[0.0]" time="0.001" /><testcase classname="test_03_safety_monitor.TestMedsAdherence" name="test_poor_adherence_range[0.1]" time="0.000" /><testcase classname="test_03_safety_monitor.TestMedsAdherence" name="test_poor_adherence_range[0.2]" time="0.000" /><testcase classname="test_03_safety_monitor.TestMedsAdherence" name="test_poor_adherence_range[0.3]" time="0.001" /><testcase classname="test_03_safety_monitor.TestMedsAdherence" name="test_poor_adherence_range[0.4]" time="0.000" /><testcase classname="test_03_safety_monitor.TestMedsAdherence" name="test_poor_adherence_range[0.49]" time="0.000" /><testcase classname="test_03_safety_monitor.TestCardiac" name="test_tachycardia_warning" time="0.000" /><testcase classname="test_03_safety_monitor.TestCardiac" name="test_tachycardia_boundary" time="0.000" /><testcase classname="test_03_safety_monitor.TestCardiac" name="test_bradycardia_warning" time="0.000" /><testcase classname="test_03_safety_monitor.TestCardiac" name="test_bradycardia_boundary" time="0.000" /><testcase classname="test_03_safety_monitor.TestCardiac" name="test_normal_hr" time="0.000" /><testcase classname="test_03_safety_monitor.TestCardiac" name="test_tachycardia_range[121]" time="0.000" /><testcase classname="test_03_safety_monitor.TestCardiac" name="test_tachycardia_range[130]" time="0.001" /><testcase classname="test_03_safety_monitor.TestCardiac" name="test_tachycardia_range[140]" time="0.000" /><testcase classname="test_03_safety_monitor.TestCardiac" name="test_tachycardia_range[150]" time="0.000" /><testcase classname="test_03_safety_monitor.TestCardiac" name="test_tachycardia_range[160]" time="0.000" /><testcase classname="test_03_safety_monitor.TestCardiac" name="test_tachycardia_range[180]" time="0.001" /><testcase classname="test_03_safety_monitor.TestCardiac" name="test_tachycardia_range[200]" time="0.000" /><testcase classname="test_03_safety_monitor.TestCardiac" name="test_bradycardia_range[10]" time="0.000" /><testcase classname="test_03_safety_monitor.TestCardiac" name="test_bradycardia_range[20]" time="0.000" /><testcase classname="test_03_safety_monitor.TestCardiac" name="test_bradycardia_range[30]" time="0.000" /><testcase classname="test_03_safety_monitor.TestCardiac" name="test_bradycardia_range[35]" time="0.000" /><testcase classname="test_03_safety_monitor.TestCardiac" name="test_bradycardia_range[40]" time="0.001" /><testcase classname="test_03_safety_monitor.TestCardiac" name="test_bradycardia_range[44]" time="0.000" /><testcase classname="test_03_safety_monitor.TestHRV" name="test_severe_dysfunction" time="0.000" /><testcase classname="test_03_safety_monitor.TestHRV" name="test_boundary_10" time="0.000" /><testcase classname="test_03_safety_monitor.TestHRV" name="test_normal_hrv" time="0.000" /><testcase classname="test_03_safety_monitor.TestHRV" name="test_dysfunction_range[1]" time="0.000" /><testcase classname="test_03_safety_monitor.TestHRV" name="test_dysfunction_range[3]" time="0.000" /><testcase classname="test_03_safety_monitor.TestHRV" name="test_dysfunction_range[5]" time="0.001" /><testcase classname="test_03_safety_monitor.TestHRV" name="test_dysfunction_range[7]" time="0.000" /><testcase classname="test_03_safety_monitor.TestHRV" name="test_dysfunction_range[9]" time="0.001" /><testcase classname="test_03_safety_monitor.TestHRV" name="test_dysfunction_range[9.9]" time="0.000" /><testcase classname="test_03_safety_monitor.TestGlucoseVariability" name="test_extreme_variability" time="0.000" /><testcase classname="test_03_safety_monitor.TestGlucoseVariability" name="test_boundary_50" time="0.000" /><testcase classname="test_03_safety_monitor.TestGlucoseVariability" name="test_normal_cv" time="0.000" /><testcase classname="test_03_safety_monitor.TestGlucoseVariability" name="test_high_variability_range[51]" time="0.000" /><testcase classname="test_03_safety_monitor.TestGlucoseVariability" name="test_high_variability_range[55]" time="0.000" /><testcase classname="test_03_safety_monitor.TestGlucoseVariability" name="test_high_variability_range[60]" time="0.000" /><testcase classname="test_03_safety_monitor.TestGlucoseVariability" name="test_high_variability_range[70]" time="0.001" /><testcase classname="test_03_safety_monitor.TestGlucoseVariability" name="test_high_variability_range[80]" time="0.000" /><testcase classname="test_03_safety_monitor.TestGlucoseVariability" name="test_high_variability_range[90]" time="0.000" /><testcase classname="test_03_safety_monitor.TestGlucoseVariability" name="test_high_variability_range[100]" time="0.001" /><testcase classname="test_03_safety_monitor.TestEdgeCases" name="test_empty_observation" time="0.000" /><testcase classname="test_03_safety_monitor.TestEdgeCases" name="test_none_observation" time="0.000" /><testcase classname="test_03_safety_monitor.TestEdgeCases" name="test_all_none_values" time="0.000" /><testcase classname="test_03_safety_monitor.TestEdgeCases" name="test_unknown_features_ignored" time="0.000" /><testcase classname="test_03_safety_monitor.TestEdgeCases" name="test_crisis_beats_warning" time="0.000" /><testcase classname="test_03_safety_monitor.TestEdgeCases" name="test_multiple_warnings" time="0.000" /><testcase classname="test_03_safety_monitor.TestEdgeCases" name="test_crisis_reason_contains_critical" time="0.000" /><testcase classname="test_03_safety_monitor.TestEdgeCases" name="test_warning_reason_contains_alert" time="0.000" /><testcase classname="test_03_safety_monitor.TestEdgeCases" name="test_normal_all_features" time="0.000" /><testcase classname="test_03_safety_monitor.TestBoundarySweep" name="test_hypo_level2_boundary[2.99]" time="0.001" /><testcase classname="test_03_safety_monitor.TestBoundarySweep" name="test_hypo_level2_boundary[3.0]" time="0.000" /><testcase classname="test_03_safety_monitor.TestBoundarySweep" name="test_hypo_level2_boundary[3.01]" time="0.001" /><testcase classname="test_03_safety_monitor.TestBoundarySweep" name="test_hypo_level1_boundary[3.89]" time="0.001" /><testcase classname="test_03_safety_monitor.TestBoundarySweep" name="test_hypo_level1_boundary[3.9]" time="0.000" /><testcase classname="test_03_safety_monitor.TestBoundarySweep" name="test_hypo_level1_boundary[3.91]" time="0.000" /><testcase classname="test_03_safety_monitor.TestBoundarySweep" name="test_hyper_uncontrolled_boundary[13.89]" time="0.000" /><testcase classname="test_03_safety_monitor.TestBoundarySweep" name="test_hyper_uncontrolled_boundary[13.9]" time="0.001" /><testcase classname="test_03_safety_monitor.TestBoundarySweep" name="test_hyper_uncontrolled_boundary[13.91]" time="0.000" /><testcase classname="test_03_safety_monitor.TestBoundarySweep" name="test_hyper_uncontrolled_boundary[14.0]" time="0.000" /><testcase classname="test_03_safety_monitor.TestBoundarySweep" name="test_hyper_severe_boundary[16.69]" time="0.001" /><testcase classname="test_03_safety_monitor.TestBoundarySweep" name="test_hyper_severe_boundary[16.7]" time="0.000" /><testcase classname="test_03_safety_monitor.TestBoundarySweep" name="test_hyper_severe_boundary[16.71]" time="0.000" /><testcase classname="test_03_safety_monitor.TestBoundarySweep" name="test_tachycardia_boundary_sweep[119]" time="0.000" /><testcase classname="test_03_safety_monitor.TestBoundarySweep" name="test_tachycardia_boundary_sweep[120]" time="0.000" /><testcase classname="test_03_safety_monitor.TestBoundarySweep" name="test_tachycardia_boundary_sweep[121]" time="0.000" /><testcase classname="test_03_safety_monitor.TestBoundarySweep" name="test_bradycardia_boundary_sweep[44]" time="0.000" /><testcase classname="test_03_safety_monitor.TestBoundarySweep" name="test_bradycardia_boundary_sweep[45]" time="0.000" /><testcase classname="test_03_safety_monitor.TestBoundarySweep" name="test_bradycardia_boundary_sweep[46]" time="0.000" /><testcase classname="test_03_safety_monitor.TestBoundarySweep" name="test_meds_boundary_sweep[0.49]" time="0.000" /><testcase classname="test_03_safety_monitor.TestBoundarySweep" name="test_meds_boundary_sweep[0.5]" time="0.001" /><testcase classname="test_03_safety_monitor.TestBoundarySweep" name="test_meds_boundary_sweep[0.51]" time="0.000" /><testcase classname="test_04_emission_probability.TestEmissionBasic" name="test_returns_tuple" time="0.000" /><testcase classname="test_04_emission_probability.TestEmissionBasic" name="test_returns_float_and_dict" time="0.000" /><testcase classname="test_04_emission_probability.TestEmissionBasic" name="test_all_features_in_details" time="0.000" /><testcase classname="test_04_emission_probability.TestEmissionBasic" name="test_valid_state_indices[0]" time="0.000" /><testcase classname="test_04_emission_probability.TestEmissionBasic" name="test_valid_state_indices[1]" time="0.000" /><testcase classname="test_04_emission_probability.TestEmissionBasic" name="test_valid_state_indices[2]" time="0.001" /><testcase classname="test_04_emission_probability.TestPerFeatureEmission" name="test_max_at_mean[0-glucose_avg]" time="0.001" /><testcase classname="test_04_emission_probability.TestPerFeatureEmission" name="test_max_at_mean[0-glucose_variability]" time="0.001" /><testcase classname="test_04_emission_probability.TestPerFeatureEmission" name="test_max_at_mean[0-meds_adherence]" time="0.001" /><testcase classname="test_04_emission_probability.TestPerFeatureEmission" name="test_max_at_mean[0-carbs_intake]" time="0.001" /><testcase classname="test_04_emission_probability.TestPerFeatureEmission" name="test_max_at_mean[0-steps_daily]" time="0.001" /><testcase classname="test_04_emission_probability.TestPerFeatureEmission" name="test_max_at_mean[0-resting_hr]" time="0.001" /><testcase classname="test_04_emission_probability.TestPerFeatureEmission" name="test_max_at_mean[0-hrv_rmssd]" time="0.001" /><testcase classname="test_04_emission_probability.TestPerFeatureEmission" name="test_max_at_mean[0-sleep_quality]" time="0.001" /><testcase classname="test_04_emission_probability.TestPerFeatureEmission" name="test_max_at_mean[0-social_engagement]" time="0.001" /><testcase classname="test_04_emission_probability.TestPerFeatureEmission" name="test_max_at_mean[1-glucose_avg]" time="0.001" /><testcase classname="test_04_emission_probability.TestPerFeatureEmission" name="test_max_at_mean[1-glucose_variability]" time="0.001" /><testcase classname="test_04_emission_probability.TestPerFeatureEmission" name="test_max_at_mean[1-meds_adherence]" time="0.001" /><testcase classname="test_04_emission_probability.TestPerFeatureEmission" name="test_max_at_mean[1-carbs_intake]" time="0.001" /><testcase classname="test_04_emission_probability.TestPerFeatureEmission" name="test_max_at_mean[1-steps_daily]" time="0.001" /><testcase classname="test_04_emission_probability.TestPerFeatureEmission" name="test_max_at_mean[1-resting_hr]" time="0.001" /><testcase classname="test_04_emission_probability.TestPerFeatureEmission" name="test_max_at_mean[1-hrv_rmssd]" time="0.001" /><testcase classname="test_04_emission_probability.TestPerFeatureEmission" name="test_max_at_mean[1-sleep_quality]" time="0.001" /><testcase classname="test_04_emission_probability.TestPerFeatureEmission" name="test_max_at_mean[1-social_engagement]" time="0.001" /><testcase classname="test_04_emission_probability.TestPerFeatureEmission" name="test_max_at_mean[2-glucose_avg]" time="0.001" /><testcase classname="test_04_emission_probability.TestPerFeatureEmission" name="test_max_at_mean[2-glucose_variability]" time="0.001" /><testcase classname="test_04_emission_probability.TestPerFeatureEmission" name="test_max_at_mean[2-meds_adherence]" time="0.001" /><testcase classname="test_04_emission_probability.TestPerFeatureEmission" name="test_max_at_mean[2-carbs_intake]" time="0.001" /><testcase classname="test_04_emission_probability.TestPerFeatureEmission" name="test_max_at_mean[2-steps_daily]" time="0.001" /><testcase classname="test_04_emission_probability.TestPerFeatureEmission" name="test_max_at_mean[2-resting_hr]" time="0.001" /><testcase classname="test_04_emission_probability.TestPerFeatureEmission" name="test_max_at_mean[2-hrv_rmssd]" time="0.001" /><testcase classname="test_04_emission_probability.TestPerFeatureEmission" name="test_max_at_mean[2-sleep_quality]" time="0.001" /><testcase classname="test_04_emission_probability.TestPerFeatureEmission" name="test_max_at_mean[2-social_engagement]" time="0.001" /><testcase classname="test_04_emission_probability.TestPerFeatureEmission" name="test_stable_obs_prefers_stable[glucose_avg]" time="0.001" /><testcase classname="test_04_emission_probability.TestPerFeatureEmission" name="test_stable_obs_prefers_stable[glucose_variability]" time="0.001" /><testcase classname="test_04_emission_probability.TestPerFeatureEmission" name="test_stable_obs_prefers_stable[meds_adherence]" time="0.001" /><testcase classname="test_04_emission_probability.TestPerFeatureEmission" name="test_stable_obs_prefers_stable[carbs_intake]" time="0.000" /><testcase classname="test_04_emission_probability.TestPerFeatureEmission" name="test_stable_obs_prefers_stable[steps_daily]" time="0.001" /><testcase classname="test_04_emission_probability.TestPerFeatureEmission" name="test_stable_obs_prefers_stable[resting_hr]" time="0.000" /><testcase classname="test_04_emission_probability.TestPerFeatureEmission" name="test_stable_obs_prefers_stable[hrv_rmssd]" time="0.000" /><testcase classname="test_04_emission_probability.TestPerFeatureEmission" name="test_stable_obs_prefers_stable[sleep_quality]" time="0.000" /><testcase classname="test_04_emission_probability.TestPerFeatureEmission" name="test_stable_obs_prefers_stable[social_engagement]" time="0.001" /><testcase classname="test_04_emission_probability.TestPerFeatureEmission" name="test_crisis_obs_prefers_crisis[glucose_avg]" time="0.000" /><testcase classname="test_04_emission_probability.TestPerFeatureEmission" name="test_crisis_obs_prefers_crisis[glucose_variability]" time="0.001" /><testcase classname="test_04_emission_probability.TestPerFeatureEmission" name="test_crisis_obs_prefers_crisis[meds_adherence]" time="0.000" /><testcase classname="test_04_emission_probability.TestPerFeatureEmission" name="test_crisis_obs_prefers_crisis[carbs_intake]" time="0.000" /><testcase classname="test_04_emission_probability.TestPerFeatureEmission" name="test_crisis_obs_prefers_crisis[steps_daily]" time="0.001" /><testcase classname="test_04_emission_probability.TestPerFeatureEmission" name="test_crisis_obs_prefers_crisis[resting_hr]" time="0.001" /><testcase classname="test_04_emission_probability.TestPerFeatureEmission" name="test_crisis_obs_prefers_crisis[hrv_rmssd]" time="0.000" /><testcase classname="test_04_emission_probability.TestPerFeatureEmission" name="test_crisis_obs_prefers_crisis[sleep_quality]" time="0.000" /><testcase classname="test_04_emission_probability.TestPerFeatureEmission" name="test_crisis_obs_prefers_crisis[social_engagement]" time="0.001" /><testcase classname="test_04_emission_probability.TestMissingData" name="test_all_missing_returns_zero_contribution" time="0.000" /><testcase classname="test_04_emission_probability.TestMissingData" name="test_empty_obs_returns_zero" time="0.000" /><testcase classname="test_04_emission_probability.TestMissingData" name="test_single_none_feature[glucose_avg]" time="0.000" /><testcase classname="test_04_emission_probability.TestMissingData" name="test_single_none_feature[glucose_variability]" time="0.000" /><testcase classname="test_04_emission_probability.TestMissingData" name="test_single_none_feature[meds_adherence]" time="0.001" /><testcase classname="test_04_emission_probability.TestMissingData" name="test_single_none_feature[carbs_intake]" time="0.000" /><testcase classname="test_04_emission_probability.TestMissingData" name="test_single_none_feature[steps_daily]" time="0.001" /><testcase classname="test_04_emission_probability.TestMissingData" name="test_single_none_feature[resting_hr]" time="0.001" /><testcase classname="test_04_emission_probability.TestMissingData" name="test_single_none_feature[hrv_rmssd]" time="0.001" /><testcase classname="test_04_emission_probability.TestMissingData" name="test_single_none_feature[sleep_quality]" time="0.000" /><testcase classname="test_04_emission_probability.TestMissingData" name="test_single_none_feature[social_engagement]" time="0.001" /><testcase classname="test_04_emission_probability.TestMissingData" name="test_partial_missing" time="0.000" /><testcase classname="test_04_emission_probability.TestMissingData" name="test_varying_missing_count[0]" time="0.000" /><testcase classname="test_04_emission_probability.TestMissingData" name="test_varying_missing_count[1]" time="0.000" /><testcase classname="test_04_emission_probability.TestMissingData" name="test_varying_missing_count[2]" time="0.000" /><testcase classname="test_04_emission_probability.TestMissingData" name="test_varying_missing_count[3]" time="0.001" /><testcase classname="test_04_emission_probability.TestMissingData" name="test_varying_missing_count[4]" time="0.000" /><testcase classname="test_04_emission_probability.TestMissingData" name="test_varying_missing_count[5]" time="0.001" /><testcase classname="test_04_emission_probability.TestMissingData" name="test_varying_missing_count[6]" time="0.000" /><testcase classname="test_04_emission_probability.TestMissingData" name="test_varying_missing_count[7]" time="0.001" /><testcase classname="test_04_emission_probability.TestMissingData" name="test_varying_missing_count[8]" time="0.001" /><testcase classname="test_04_emission_probability.TestMissingData" name="test_varying_missing_count[9]" time="0.000" /><testcase classname="test_04_emission_probability.TestDawnPhenomenon" name="test_dawn_hour_shifts_mean" time="0.000" /><testcase classname="test_04_emission_probability.TestDawnPhenomenon" name="test_postprandial_shifts_mean" time="0.001" /><testcase classname="test_04_emission_probability.TestDawnPhenomenon" name="test_no_shift_outside_windows[0]" time="0.000" /><testcase classname="test_04_emission_probability.TestDawnPhenomenon" name="test_no_shift_outside_windows[1]" time="0.001" /><testcase classname="test_04_emission_probability.TestDawnPhenomenon" name="test_no_shift_outside_windows[2]" time="0.001" /><testcase classname="test_04_emission_probability.TestDawnPhenomenon" name="test_no_shift_outside_windows[3]" time="0.001" /><testcase classname="test_04_emission_probability.TestDawnPhenomenon" name="test_no_shift_outside_windows[9]" time="0.000" /><testcase classname="test_04_emission_probability.TestDawnPhenomenon" name="test_no_shift_outside_windows[10]" time="0.000" /><testcase classname="test_04_emission_probability.TestDawnPhenomenon" name="test_no_shift_outside_windows[11]" time="0.000" /><testcase classname="test_04_emission_probability.TestDawnPhenomenon" name="test_no_shift_outside_windows[12]" time="0.001" /><testcase classname="test_04_emission_probability.TestDawnPhenomenon" name="test_no_shift_outside_windows[16]" time="0.000" /><testcase classname="test_04_emission_probability.TestDawnPhenomenon" name="test_no_shift_outside_windows[17]" time="0.000" /><testcase classname="test_04_emission_probability.TestDawnPhenomenon" name="test_no_shift_outside_windows[18]" time="0.000" /><testcase classname="test_04_emission_probability.TestDawnPhenomenon" name="test_no_shift_outside_windows[19]" time="0.001" /><testcase classname="test_04_emission_probability.TestDawnPhenomenon" name="test_no_shift_outside_windows[20]" time="0.001" /><testcase classname="test_04_emission_probability.TestDawnPhenomenon" name="test_no_shift_outside_windows[21]" time="0.000" /><testcase classname="test_04_emission_probability.TestDawnPhenomenon" name="test_no_shift_outside_windows[22]" time="0.000" /><testcase classname="test_04_emission_probability.TestDawnPhenomenon" name="test_no_shift_outside_windows[23]" time="0.000" /><testcase classname="test_04_emission_probability.TestDawnPhenomenon" name="test_dawn_window[4]" time="0.000" /><testcase classname="test_04_emission_probability.TestDawnPhenomenon" name="test_dawn_window[5]" time="0.000" /><testcase classname="test_04_emission_probability.TestDawnPhenomenon" name="test_dawn_window[6]" time="0.000" /><testcase classname="test_04_emission_probability.TestDawnPhenomenon" name="test_dawn_window[7]" time="0.001" /><testcase classname="test_04_emission_probability.TestDawnPhenomenon" name="test_postprandial_window[13]" time="0.001" /><testcase classname="test_04_emission_probability.TestDawnPhenomenon" name="test_postprandial_window[14]" time="0.000" /><testcase classname="test_04_emission_probability.TestDawnPhenomenon" name="test_no_hour_no_shift" time="0.000" /><testcase classname="test_04_emission_probability.TestDetailsStructure" name="test_detail_keys" time="0.000" /><testcase classname="test_04_emission_probability.TestDetailsStructure" name="test_observed_value_stored" time="0.000" /><testcase classname="test_04_emission_probability.TestDetailsStructure" name="test_weight_matches_config" time="0.000" /><testcase classname="test_04_emission_probability.TestDetailsStructure" name="test_probability_non_negative[glucose_avg]" time="0.000" /><testcase classname="test_04_emission_probability.TestDetailsStructure" name="test_probability_non_negative[glucose_variability]" time="0.000" /><testcase classname="test_04_emission_probability.TestDetailsStructure" name="test_probability_non_negative[meds_adherence]" time="0.000" /><testcase classname="test_04_emission_probability.TestDetailsStructure" name="test_probability_non_negative[carbs_intake]" time="0.001" /><testcase classname="test_04_emission_probability.TestDetailsStructure" name="test_probability_non_negative[steps_daily]" time="0.001" /><testcase classname="test_04_emission_probability.TestDetailsStructure" name="test_probability_non_negative[resting_hr]" time="0.000" /><testcase classname="test_04_emission_probability.TestDetailsStructure" name="test_probability_non_negative[hrv_rmssd]" time="0.000" /><testcase classname="test_04_emission_probability.TestDetailsStructure" name="test_probability_non_negative[sleep_quality]" time="0.001" /><testcase classname="test_04_emission_probability.TestDetailsStructure" name="test_probability_non_negative[social_engagement]" time="0.001" /><testcase classname="test_04_emission_probability.TestDetailsStructure" name="test_log_prob_finite[glucose_avg]" time="0.001" /><testcase classname="test_04_emission_probability.TestDetailsStructure" name="test_log_prob_finite[glucose_variability]" time="0.000" /><testcase classname="test_04_emission_probability.TestDetailsStructure" name="test_log_prob_finite[meds_adherence]" time="0.000" /><testcase classname="test_04_emission_probability.TestDetailsStructure" name="test_log_prob_finite[carbs_intake]" time="0.000" /><testcase classname="test_04_emission_probability.TestDetailsStructure" name="test_log_prob_finite[steps_daily]" time="0.001" /><testcase classname="test_04_emission_probability.TestDetailsStructure" name="test_log_prob_finite[resting_hr]" time="0.000" /><testcase classname="test_04_emission_probability.TestDetailsStructure" name="test_log_prob_finite[hrv_rmssd]" time="0.000" /><testcase classname="test_04_emission_probability.TestDetailsStructure" name="test_log_prob_finite[sleep_quality]" time="0.001" /><testcase classname="test_04_emission_probability.TestDetailsStructure" name="test_log_prob_finite[social_engagement]" time="0.001" /><testcase classname="test_04_emission_probability.TestPersonalizedEmission" name="test_uses_population_by_default" time="0.000" /><testcase classname="test_04_emission_probability.TestPersonalizedEmission" name="test_custom_params_override" time="0.000" /><testcase classname="test_04_emission_probability.TestPersonalizedEmission" name="test_personalized_dict_format" time="0.000" /><testcase classname="test_04_emission_probability.TestWeightedContribution" name="test_weighted_log_prob_scaled[glucose_avg]" time="0.001" /><testcase classname="test_04_emission_probability.TestWeightedContribution" name="test_weighted_log_prob_scaled[glucose_variability]" time="0.000" /><testcase classname="test_04_emission_probability.TestWeightedContribution" name="test_weighted_log_prob_scaled[meds_adherence]" time="0.000" /><testcase classname="test_04_emission_probability.TestWeightedContribution" name="test_weighted_log_prob_scaled[carbs_intake]" time="0.000" /><testcase classname="test_04_emission_probability.TestWeightedContribution" name="test_weighted_log_prob_scaled[steps_daily]" time="0.000" /><testcase classname="test_04_emission_probability.TestWeightedContribution" name="test_weighted_log_prob_scaled[resting_hr]" time="0.001" /><testcase classname="test_04_emission_probability.TestWeightedContribution" name="test_weighted_log_prob_scaled[hrv_rmssd]" time="0.001" /><testcase classname="test_04_emission_probability.TestWeightedContribution" name="test_weighted_log_prob_scaled[sleep_quality]" time="0.001" /><testcase classname="test_04_emission_probability.TestWeightedContribution" name="test_weighted_log_prob_scaled[social_engagement]" time="0.000" /><testcase classname="test_04_emission_probability.TestWeightedContribution" name="test_total_is_sum_of_weighted" time="0.000" /><testcase classname="test_04_emission_probability.TestExtremeObservations" name="test_extreme_value_finite[glucose_avg-0.0]" time="0.001" /><testcase classname="test_04_emission_probability.TestExtremeObservations" name="test_extreme_value_finite[glucose_avg-35.0]" time="0.001" /><testcase classname="test_04_emission_probability.TestExtremeObservations" name="test_extreme_value_finite[glucose_variability-100.0]" time="0.001" /><testcase classname="test_04_emission_probability.TestExtremeObservations" name="test_extreme_value_finite[meds_adherence-0.0]" time="0.001" /><testcase classname="test_04_emission_probability.TestExtremeObservations" name="test_extreme_value_finite[meds_adherence-1.0]" time="0.001" /><testcase classname="test_04_emission_probability.TestExtremeObservations" name="test_extreme_value_finite[carbs_intake-0.0]" time="0.001" /><testcase classname="test_04_emission_probability.TestExtremeObservations" name="test_extreme_value_finite[carbs_intake-500.0]" time="0.000" /><testcase classname="test_04_emission_probability.TestExtremeObservations" name="test_extreme_value_finite[steps_daily-0.0]" time="0.001" /><testcase classname="test_04_emission_probability.TestExtremeObservations" name="test_extreme_value_finite[steps_daily-25000.0]" time="0.001" /><testcase classname="test_04_emission_probability.TestExtremeObservations" name="test_extreme_value_finite[resting_hr-35.0]" time="0.001" /><testcase classname="test_04_emission_probability.TestExtremeObservations" name="test_extreme_value_finite[resting_hr-160.0]" time="0.001" /><testcase classname="test_04_emission_probability.TestExtremeObservations" name="test_extreme_value_finite[hrv_rmssd-3.0]" time="0.001" /><testcase classname="test_04_emission_probability.TestExtremeObservations" name="test_extreme_value_finite[hrv_rmssd-120.0]" time="0.001" /><testcase classname="test_04_emission_probability.TestExtremeObservations" name="test_extreme_value_finite[sleep_quality-0.0]" time="0.001" /><testcase classname="test_04_emission_probability.TestExtremeObservations" name="test_extreme_value_finite[sleep_quality-10.0]" time="0.001" /><testcase classname="test_04_emission_probability.TestExtremeObservations" name="test_extreme_value_finite[social_engagement-0.0]" time="0.001" /><testcase classname="test_04_emission_probability.TestExtremeObservations" name="test_extreme_value_finite[social_engagement-50.0]" time="0.001" /><testcase classname="test_04_emission_probability.TestExtremeObservations" name="test_all_extremes_all_states[0]" time="0.001" /><testcase classname="test_04_emission_probability.TestExtremeObservations" name="test_all_extremes_all_states[1]" time="0.000" /><testcase classname="test_04_emission_probability.TestExtremeObservations" name="test_all_extremes_all_states[2]" time="0.000" /><testcase classname="test_05_viterbi_inference.TestBasicInference" name="test_empty_obs_returns_stable" time="0.000" /><testcase classname="test_05_viterbi_inference.TestBasicInference" name="test_returns_dict" time="0.002" /><testcase classname="test_05_viterbi_inference.TestBasicInference" name="test_required_keys_present" time="0.001" /><testcase classname="test_05_viterbi_inference.TestBasicInference" name="test_state_is_valid" time="0.001" /><testcase classname="test_05_viterbi_inference.TestBasicInference" name="test_confidence_between_0_1" time="0.001" /><testcase classname="test_05_viterbi_inference.TestBasicInference" name="test_certainty_index_between_0_1" time="0.001" /><testcase classname="test_05_viterbi_inference.TestBasicInference" name="test_state_probabilities_sum_to_one" time="0.001" /><testcase classname="test_05_viterbi_inference.TestBasicInference" name="test_observations_count" time="0.001" /><testcase classname="test_05_viterbi_inference.TestStateDetection" name="test_stable_detected" time="0.001" /><testcase classname="test_05_viterbi_inference.TestStateDetection" name="test_warning_detected" time="0.001" /><testcase classname="test_05_viterbi_inference.TestStateDetection" name="test_crisis_detected" time="0.001" /><testcase classname="test_05_viterbi_inference.TestStateDetection" name="test_stable_detection_robustness[0]" time="0.001" /><testcase classname="test_05_viterbi_inference.TestStateDetection" name="test_stable_detection_robustness[1]" time="0.001" /><testcase classname="test_05_viterbi_inference.TestStateDetection" name="test_stable_detection_robustness[2]" time="0.001" /><testcase classname="test_05_viterbi_inference.TestStateDetection" name="test_stable_detection_robustness[3]" time="0.001" /><testcase classname="test_05_viterbi_inference.TestStateDetection" name="test_stable_detection_robustness[4]" time="0.001" /><testcase classname="test_05_viterbi_inference.TestStateDetection" name="test_stable_detection_robustness[5]" time="0.001" /><testcase classname="test_05_viterbi_inference.TestStateDetection" name="test_stable_detection_robustness[6]" time="0.001" /><testcase classname="test_05_viterbi_inference.TestStateDetection" name="test_stable_detection_robustness[7]" time="0.001" /><testcase classname="test_05_viterbi_inference.TestStateDetection" name="test_stable_detection_robustness[8]" time="0.001" /><testcase classname="test_05_viterbi_inference.TestStateDetection" name="test_stable_detection_robustness[9]" time="0.001" /><testcase classname="test_05_viterbi_inference.TestStateDetection" name="test_stable_detection_robustness[10]" time="0.001" /><testcase classname="test_05_viterbi_inference.TestStateDetection" name="test_stable_detection_robustness[11]" time="0.001" /><testcase classname="test_05_viterbi_inference.TestStateDetection" name="test_stable_detection_robustness[12]" time="0.001" /><testcase classname="test_05_viterbi_inference.TestStateDetection" name="test_stable_detection_robustness[13]" time="0.001" /><testcase classname="test_05_viterbi_inference.TestStateDetection" name="test_stable_detection_robustness[14]" time="0.001" /><testcase classname="test_05_viterbi_inference.TestStateDetection" name="test_stable_detection_robustness[15]" time="0.001" /><testcase classname="test_05_viterbi_inference.TestStateDetection" name="test_stable_detection_robustness[16]" time="0.001" /><testcase classname="test_05_viterbi_inference.TestStateDetection" name="test_stable_detection_robustness[17]" time="0.001" /><testcase classname="test_05_viterbi_inference.TestStateDetection" name="test_stable_detection_robustness[18]" time="0.001" /><testcase classname="test_05_viterbi_inference.TestStateDetection" name="test_stable_detection_robustness[19]" time="0.001" /><testcase classname="test_05_viterbi_inference.TestStateDetection" name="test_crisis_detection_robustness[0]" time="0.001" /><testcase classname="test_05_viterbi_inference.TestStateDetection" name="test_crisis_detection_robustness[1]" time="0.001" /><testcase classname="test_05_viterbi_inference.TestStateDetection" name="test_crisis_detection_robustness[2]" time="0.001" /><testcase classname="test_05_viterbi_inference.TestStateDetection" name="test_crisis_detection_robustness[3]" time="0.001" /><testcase classname="test_05_viterbi_inference.TestStateDetection" name="test_crisis_detection_robustness[4]" time="0.001" /><testcase classname="test_05_viterbi_inference.TestStateDetection" name="test_crisis_detection_robustness[5]" time="0.001" /><testcase classname="test_05_viterbi_inference.TestStateDetection" name="test_crisis_detection_robustness[6]" time="0.001" /><testcase classname="test_05_viterbi_inference.TestStateDetection" name="test_crisis_detection_robustness[7]" time="0.001" /><testcase classname="test_05_viterbi_inference.TestStateDetection" name="test_crisis_detection_robustness[8]" time="0.002" /><testcase classname="test_05_viterbi_inference.TestStateDetection" name="test_crisis_detection_robustness[9]" time="0.001" /><testcase classname="test_05_viterbi_inference.TestStateDetection" name="test_crisis_detection_robustness[10]" time="0.001" /><testcase classname="test_05_viterbi_inference.TestStateDetection" name="test_crisis_detection_robust
[...]
om_obs_no_crash[12]" time="0.001" /><testcase classname="test_11_integration_stress.TestRandomized" name="test_random_obs_no_crash[13]" time="0.001" /><testcase classname="test_11_integration_stress.TestRandomized" name="test_random_obs_no_crash[14]" time="0.001" /><testcase classname="test_11_integration_stress.TestRandomized" name="test_random_obs_no_crash[15]" time="0.001" /><testcase classname="test_11_integration_stress.TestRandomized" name="test_random_obs_no_crash[16]" time="0.001" /><testcase classname="test_11_integration_stress.TestRandomized" name="test_random_obs_no_crash[17]" time="0.001" /><testcase classname="test_11_integration_stress.TestRandomized" name="test_random_obs_no_crash[18]" time="0.001" /><testcase classname="test_11_integration_stress.TestRandomized" name="test_random_obs_no_crash[19]" time="0.001" /><testcase classname="test_11_integration_stress.TestRandomized" name="test_random_obs_no_crash[20]" time="0.001" /><testcase classname="test_11_integration_stress.TestRandomized" name="test_random_obs_no_crash[21]" time="0.001" /><testcase classname="test_11_integration_stress.TestRandomized" name="test_random_obs_no_crash[22]" time="0.001" /><testcase classname="test_11_integration_stress.TestRandomized" name="test_random_obs_no_crash[23]" time="0.001" /><testcase classname="test_11_integration_stress.TestRandomized" name="test_random_obs_no_crash[24]" time="0.001" /><testcase classname="test_11_integration_stress.TestRandomized" name="test_random_obs_no_crash[25]" time="0.001" /><testcase classname="test_11_integration_stress.TestRandomized" name="test_random_obs_no_crash[26]" time="0.001" /><testcase classname="test_11_integration_stress.TestRandomized" name="test_random_obs_no_crash[27]" time="0.001" /><testcase classname="test_11_integration_stress.TestRandomized" name="test_random_obs_no_crash[28]" time="0.001" /><testcase classname="test_11_integration_stress.TestRandomized" name="test_random_obs_no_crash[29]" time="0.001" /><testcase classname="test_11_integration_stress.TestRandomized" name="test_random_obs_no_crash[30]" time="0.001" /><testcase classname="test_11_integration_stress.TestRandomized" name="test_random_obs_no_crash[31]" time="0.001" /><testcase classname="test_11_integration_stress.TestRandomized" name="test_random_obs_no_crash[32]" time="0.001" /><testcase classname="test_11_integration_stress.TestRandomized" name="test_random_obs_no_crash[33]" time="0.001" /><testcase classname="test_11_integration_stress.TestRandomized" name="test_random_obs_no_crash[34]" time="0.001" /><testcase classname="test_11_integration_stress.TestRandomized" name="test_random_obs_no_crash[35]" time="0.001" /><testcase classname="test_11_integration_stress.TestRandomized" name="test_random_obs_no_crash[36]" time="0.001" /><testcase classname="test_11_integration_stress.TestRandomized" name="test_random_obs_no_crash[37]" time="0.001" /><testcase classname="test_11_integration_stress.TestRandomized" name="test_random_obs_no_crash[38]" time="0.001" /><testcase classname="test_11_integration_stress.TestRandomized" name="test_random_obs_no_crash[39]" time="0.001" /><testcase classname="test_11_integration_stress.TestRandomized" name="test_random_obs_no_crash[40]" time="0.001" /><testcase classname="test_11_integration_stress.TestRandomized" name="test_random_obs_no_crash[41]" time="0.001" /><testcase classname="test_11_integration_stress.TestRandomized" name="test_random_obs_no_crash[42]" time="0.001" /><testcase classname="test_11_integration_stress.TestRandomized" name="test_random_obs_no_crash[43]" time="0.001" /><testcase classname="test_11_integration_stress.TestRandomized" name="test_random_obs_no_crash[44]" time="0.001" /><testcase classname="test_11_integration_stress.TestRandomized" name="test_random_obs_no_crash[45]" time="0.001" /><testcase classname="test_11_integration_stress.TestRandomized" name="test_random_obs_no_crash[46]" time="0.001" /><testcase classname="test_11_integration_stress.TestRandomized" name="test_random_obs_no_crash[47]" time="0.001" /><testcase classname="test_11_integration_stress.TestRandomized" name="test_random_obs_no_crash[48]" time="0.001" /><testcase classname="test_11_integration_stress.TestRandomized" name="test_random_obs_no_crash[49]" time="0.001" /><testcase classname="test_11_integration_stress.TestRandomized" name="test_random_sequence_no_crash[0]" time="0.002" /><testcase classname="test_11_integration_stress.TestRandomized" name="test_random_sequence_no_crash[1]" time="0.001" /><testcase classname="test_11_integration_stress.TestRandomized" name="test_random_sequence_no_crash[2]" time="0.002" /><testcase classname="test_11_integration_stress.TestRandomized" name="test_random_sequence_no_crash[3]" time="0.001" /><testcase classname="test_11_integration_stress.TestRandomized" name="test_random_sequence_no_crash[4]" time="0.001" /><testcase classname="test_11_integration_stress.TestRandomized" name="test_random_sequence_no_crash[5]" time="0.001" /><testcase classname="test_11_integration_stress.TestRandomized" name="test_random_sequence_no_crash[6]" time="0.002" /><testcase classname="test_11_integration_stress.TestRandomized" name="test_random_sequence_no_crash[7]" time="0.001" /><testcase classname="test_11_integration_stress.TestRandomized" name="test_random_sequence_no_crash[8]" time="0.001" /><testcase classname="test_11_integration_stress.TestRandomized" name="test_random_sequence_no_crash[9]" time="0.001" /><testcase classname="test_11_integration_stress.TestRandomized" name="test_random_sequence_no_crash[10]" time="0.001" /><testcase classname="test_11_integration_stress.TestRandomized" name="test_random_sequence_no_crash[11]" time="0.001" /><testcase classname="test_11_integration_stress.TestRandomized" name="test_random_sequence_no_crash[12]" time="0.001" /><testcase classname="test_11_integration_stress.TestRandomized" name="test_random_sequence_no_crash[13]" time="0.001" /><testcase classname="test_11_integration_stress.TestRandomized" name="test_random_sequence_no_crash[14]" time="0.001" /><testcase classname="test_11_integration_stress.TestRandomized" name="test_random_sequence_no_crash[15]" time="0.001" /><testcase classname="test_11_integration_stress.TestRandomized" name="test_random_sequence_no_crash[16]" time="0.001" /><testcase classname="test_11_integration_stress.TestRandomized" name="test_random_sequence_no_crash[17]" time="0.001" /><testcase classname="test_11_integration_stress.TestRandomized" name="test_random_sequence_no_crash[18]" time="0.001" /><testcase classname="test_11_integration_stress.TestRandomized" name="test_random_sequence_no_crash[19]" time="0.001" /><testcase classname="test_11_integration_stress.TestRandomized" name="test_random_sequence_no_crash[20]" time="0.002" /><testcase classname="test_11_integration_stress.TestRandomized" name="test_random_sequence_no_crash[21]" time="0.001" /><testcase classname="test_11_integration_stress.TestRandomized" name="test_random_sequence_no_crash[22]" time="0.002" /><testcase classname="test_11_integration_stress.TestRandomized" name="test_random_sequence_no_crash[23]" time="0.002" /><testcase classname="test_11_integration_stress.TestRandomized" name="test_random_sequence_no_crash[24]" time="0.001" /><testcase classname="test_11_integration_stress.TestRandomized" name="test_random_sequence_no_crash[25]" time="0.001" /><testcase classname="test_11_integration_stress.TestRandomized" name="test_random_sequence_no_crash[26]" time="0.001" /><testcase classname="test_11_integration_stress.TestRandomized" name="test_random_sequence_no_crash[27]" time="0.001" /><testcase classname="test_11_integration_stress.TestRandomized" name="test_random_sequence_no_crash[28]" time="0.001" /><testcase classname="test_11_integration_stress.TestRandomized" name="test_random_sequence_no_crash[29]" time="0.001" /><testcase classname="test_11_integration_stress.TestRandomized" name="test_random_sequence_no_crash[30]" time="0.001" /><testcase classname="test_11_integration_stress.TestRandomized" name="test_random_sequence_no_crash[31]" time="0.001" /><testcase classname="test_11_integration_stress.TestRandomized" name="test_random_sequence_no_crash[32]" time="0.001" /><testcase classname="test_11_integration_stress.TestRandomized" name="test_random_sequence_no_crash[33]" time="0.001" /><testcase classname="test_11_integration_stress.TestRandomized" name="test_random_sequence_no_crash[34]" time="0.001" /><testcase classname="test_11_integration_stress.TestRandomized" name="test_random_sequence_no_crash[35]" time="0.001" /><testcase classname="test_11_integration_stress.TestRandomized" name="test_random_sequence_no_crash[36]" time="0.001" /><testcase classname="test_11_integration_stress.TestRandomized" name="test_random_sequence_no_crash[37]" time="0.001" /><testcase classname="test_11_integration_stress.TestRandomized" name="test_random_sequence_no_crash[38]" time="0.001" /><testcase classname="test_11_integration_stress.TestRandomized" name="test_random_sequence_no_crash[39]" time="0.001" /><testcase classname="test_11_integration_stress.TestRandomized" name="test_random_sequence_no_crash[40]" time="0.001" /><testcase classname="test_11_integration_stress.TestRandomized" name="test_random_sequence_no_crash[41]" time="0.001" /><testcase classname="test_11_integration_stress.TestRandomized" name="test_random_sequence_no_crash[42]" time="0.001" /><testcase classname="test_11_integration_stress.TestRandomized" name="test_random_sequence_no_crash[43]" time="0.001" /><testcase classname="test_11_integration_stress.TestRandomized" name="test_random_sequence_no_crash[44]" time="0.001" /><testcase classname="test_11_integration_stress.TestRandomized" name="test_random_sequence_no_crash[45]" time="0.001" /><testcase classname="test_11_integration_stress.TestRandomized" name="test_random_sequence_no_crash[46]" time="0.002" /><testcase classname="test_11_integration_stress.TestRandomized" name="test_random_sequence_no_crash[47]" time="0.001" /><testcase classname="test_11_integration_stress.TestRandomized" name="test_random_sequence_no_crash[48]" time="0.001" /><testcase classname="test_11_integration_stress.TestRandomized" name="test_random_sequence_no_crash[49]" time="0.001" /><testcase classname="test_11_integration_stress.TestRandomized" name="test_random_intervention_no_crash[0]" time="0.001" /><testcase classname="test_11_integration_stress.TestRandomized" name="test_random_intervention_no_crash[1]" time="0.001" /><testcase classname="test_11_integration_stress.TestRandomized" name="test_random_intervention_no_crash[2]" time="0.000" /><testcase classname="test_11_integration_stress.TestRandomized" name="test_random_intervention_no_crash[3]" time="0.000" /><testcase classname="test_11_integration_stress.TestRandomized" name="test_random_intervention_no_crash[4]" time="0.000" /><testcase classname="test_11_integration_stress.TestRandomized" name="test_random_intervention_no_crash[5]" time="0.001" /><testcase classname="test_11_integration_stress.TestRandomized" name="test_random_intervention_no_crash[6]" time="0.000" /><testcase classname="test_11_integration_stress.TestRandomized" name="test_random_intervention_no_crash[7]" time="0.000" /><testcase classname="test_11_integration_stress.TestRandomized" name="test_random_intervention_no_crash[8]" time="0.000" /><testcase classname="test_11_integration_stress.TestRandomized" name="test_random_intervention_no_crash[9]" time="0.000" /><testcase classname="test_11_integration_stress.TestRandomized" name="test_random_intervention_no_crash[10]" time="0.001" /><testcase classname="test_11_integration_stress.TestRandomized" name="test_random_intervention_no_crash[11]" time="0.000" /><testcase classname="test_11_integration_stress.TestRandomized" name="test_random_intervention_no_crash[12]" time="0.000" /><testcase classname="test_11_integration_stress.TestRandomized" name="test_random_intervention_no_crash[13]" time="0.000" /><testcase classname="test_11_integration_stress.TestRandomized" name="test_random_intervention_no_crash[14]" time="0.001" /><testcase classname="test_11_integration_stress.TestRandomized" name="test_random_intervention_no_crash[15]" time="0.001" /><testcase classname="test_11_integration_stress.TestRandomized" name="test_random_intervention_no_crash[16]" time="0.001" /><testcase classname="test_11_integration_stress.TestRandomized" name="test_random_intervention_no_crash[17]" time="0.000" /><testcase classname="test_11_integration_stress.TestRandomized" name="test_random_intervention_no_crash[18]" time="0.001" /><testcase classname="test_11_integration_stress.TestRandomized" name="test_random_intervention_no_crash[19]" time="0.000" /><testcase classname="test_11_integration_stress.TestRandomized" name="test_random_intervention_no_crash[20]" time="0.000" /><testcase classname="test_11_integration_stress.TestRandomized" name="test_random_intervention_no_crash[21]" time="0.000" /><testcase classname="test_11_integration_stress.TestRandomized" name="test_random_intervention_no_crash[22]" time="0.000" /><testcase classname="test_11_integration_stress.TestRandomized" name="test_random_intervention_no_crash[23]" time="0.001" /><testcase classname="test_11_integration_stress.TestRandomized" name="test_random_intervention_no_crash[24]" time="0.000" /><testcase classname="test_11_integration_stress.TestRandomized" name="test_random_intervention_no_crash[25]" time="0.000" /><testcase classname="test_11_integration_stress.TestRandomized" name="test_random_intervention_no_crash[26]" time="0.000" /><testcase classname="test_11_integration_stress.TestRandomized" name="test_random_intervention_no_crash[27]" time="0.000" /><testcase classname="test_11_integration_stress.TestRandomized" name="test_random_intervention_no_crash[28]" time="0.001" /><testcase classname="test_11_integration_stress.TestRandomized" name="test_random_intervention_no_crash[29]" time="0.000" /><testcase classname="test_11_integration_stress.TestRandomized" name="test_random_monte_carlo_no_crash[0]" time="0.002" /><testcase classname="test_11_integration_stress.TestRandomized" name="test_random_monte_carlo_no_crash[1]" time="0.002" /><testcase classname="test_11_integration_stress.TestRandomized" name="test_random_monte_carlo_no_crash[2]" time="0.002" /><testcase classname="test_11_integration_stress.TestRandomized" name="test_random_monte_carlo_no_crash[3]" time="0.002" /><testcase classname="test_11_integration_stress.TestRandomized" name="test_random_monte_carlo_no_crash[4]" time="0.002" /><testcase classname="test_11_integration_stress.TestRandomized" name="test_random_monte_carlo_no_crash[5]" time="0.002" /><testcase classname="test_11_integration_stress.TestRandomized" name="test_random_monte_carlo_no_crash[6]" time="0.002" /><testcase classname="test_11_integration_stress.TestRandomized" name="test_random_monte_carlo_no_crash[7]" time="0.002" /><testcase classname="test_11_integration_stress.TestRandomized" name="test_random_monte_carlo_no_crash[8]" time="0.001" /><testcase classname="test_11_integration_stress.TestRandomized" name="test_random_monte_carlo_no_crash[9]" time="0.002" /><testcase classname="test_11_integration_stress.TestRandomized" name="test_random_monte_carlo_no_crash[10]" time="0.001" /><testcase classname="test_11_integration_stress.TestRandomized" name="test_random_monte_carlo_no_crash[11]" time="0.002" /><testcase classname="test_11_integration_stress.TestRandomized" name="test_random_monte_carlo_no_crash[12]" time="0.002" /><testcase classname="test_11_integration_stress.TestRandomized" name="test_random_monte_carlo_no_crash[13]" time="0.002" /><testcase classname="test_11_integration_stress.TestRandomized" name="test_random_monte_carlo_no_crash[14]" time="0.001" /><testcase classname="test_11_integration_stress.TestRandomized" name="test_random_monte_carlo_no_crash[15]" time="0.001" /><testcase classname="test_11_integration_stress.TestRandomized" name="test_random_monte_carlo_no_crash[16]" time="0.002" /><testcase classname="test_11_integration_stress.TestRandomized" name="test_random_monte_carlo_no_crash[17]" time="0.002" /><testcase classname="test_11_integration_stress.TestRandomized" name="test_random_monte_carlo_no_crash[18]" time="0.001" /><testcase classname="test_11_integration_stress.TestRandomized" name="test_random_monte_carlo_no_crash[19]" time="0.002" /><testcase classname="test_11_integration_stress.TestStress" name="test_100_observations" time="0.011" /><testcase classname="test_11_integration_stress.TestStress" name="test_500_observations" time="0.054" /><testcase classname="test_11_integration_stress.TestStress" name="test_many_monte_carlo_sims" time="0.121" /><testcase classname="test_11_integration_stress.TestStress" name="test_baum_welch_many_sequences" time="0.069" /><testcase classname="test_11_integration_stress.TestProperties" name="test_stable_obs_never_crisis" time="0.083" /><testcase classname="test_11_integration_stress.TestProperties" name="test_crisis_obs_always_crisis[0]" time="0.001" /><testcase classname="test_11_integration_stress.TestProperties" name="test_crisis_obs_always_crisis[1]" time="0.001" /><testcase classname="test_11_integration_stress.TestProperties" name="test_crisis_obs_always_crisis[2]" time="0.001" /><testcase classname="test_11_integration_stress.TestProperties" name="test_crisis_obs_always_crisis[3]" time="0.001" /><testcase classname="test_11_integration_stress.TestProperties" name="test_crisis_obs_always_crisis[4]" time="0.001" /><testcase classname="test_11_integration_stress.TestProperties" name="test_crisis_obs_always_crisis[5]" time="0.001" /><testcase classname="test_11_integration_stress.TestProperties" name="test_crisis_obs_always_crisis[6]" time="0.001" /><testcase classname="test_11_integration_stress.TestProperties" name="test_crisis_obs_always_crisis[7]" time="0.001" /><testcase classname="test_11_integration_stress.TestProperties" name="test_crisis_obs_always_crisis[8]" time="0.001" /><testcase classname="test_11_integration_stress.TestProperties" name="test_crisis_obs_always_crisis[9]" time="0.001" /><testcase classname="test_11_integration_stress.TestProperties" name="test_crisis_obs_always_crisis[10]" time="0.001" /><testcase classname="test_11_integration_stress.TestProperties" name="test_crisis_obs_always_crisis[11]" time="0.001" /><testcase classname="test_11_integration_stress.TestProperties" name="test_crisis_obs_always_crisis[12]" time="0.001" /><testcase classname="test_11_integration_stress.TestProperties" name="test_crisis_obs_always_crisis[13]" time="0.001" /><testcase classname="test_11_integration_stress.TestProperties" name="test_crisis_obs_always_crisis[14]" time="0.001" /><testcase classname="test_11_integration_stress.TestProperties" name="test_crisis_obs_always_crisis[15]" time="0.001" /><testcase classname="test_11_integration_stress.TestProperties" name="test_crisis_obs_always_crisis[16]" time="0.001" /><testcase classname="test_11_integration_stress.TestProperties" name="test_crisis_obs_always_crisis[17]" time="0.001" /><testcase classname="test_11_integration_stress.TestProperties" name="test_crisis_obs_always_crisis[18]" time="0.001" /><testcase classname="test_11_integration_stress.TestProperties" name="test_crisis_obs_always_crisis[19]" time="0.001" /><testcase classname="test_11_integration_stress.TestProperties" name="test_more_data_never_decreases_certainty" time="0.001" /><testcase classname="test_11_integration_stress.TestProperties" name="test_intervention_risk_bounded" time="0.001" /><testcase classname="test_11_integration_stress.TestProperties" name="test_future_risk_monotonic_in_horizon" time="0.001" /><testcase classname="test_11_integration_stress.TestFeatureMetadata" name="test_returns_features" time="0.000" /><testcase classname="test_11_integration_stress.TestFeatureMetadata" name="test_each_feature_complete" time="0.000" /></testsuite></testsuites>